[0m15:23:19.155517 [debug] [MainThread]: Sending event: {'category': 'dbt', 'action': 'invocation', 'label': 'start', 'context': [<snowplow_tracker.self_describing_json.SelfDescribingJson object at 0x108432ea0>, <snowplow_tracker.self_describing_json.SelfDescribingJson object at 0x108e106b0>, <snowplow_tracker.self_describing_json.SelfDescribingJson object at 0x108e102c0>]}


============================== 15:23:19.181957 | d32a573f-9a90-4267-a6ae-ef80ca33c4df ==============================
[0m15:23:19.181957 [info ] [MainThread]: Running with dbt=1.11.2
[0m15:23:19.182428 [debug] [MainThread]: running dbt with arguments {'fail_fast': 'False', 'use_experimental_parser': 'False', 'quiet': 'False', 'no_print': 'None', 'invocation_command': 'dbt init', 'printer_width': '80', 'log_path': 'logs', 'partial_parse': 'True', 'profiles_dir': '/Users/vasav/.dbt', 'send_anonymous_usage_stats': 'True', 'warn_error_options': 'WarnErrorOptionsV2(error=[], warn=[], silence=[])', 'indirect_selection': 'eager', 'static_parser': 'True', 'version_check': 'True', 'write_json': 'True', 'introspect': 'True', 'log_cache_events': 'False', 'target_path': 'None', 'use_colors': 'True', 'cache_selected_only': 'False', 'log_format': 'default', 'warn_error': 'None', 'debug': 'False', 'empty': 'None'}
[0m15:23:19.230997 [info ] [MainThread]: Creating dbt configuration folder at /Users/vasav/.dbt
[0m15:23:56.619150 [debug] [MainThread]: Starter project path: /Users/vasav/Documents/Vasav/REPO/apple-sales-analytics/.venv/lib/python3.12/site-packages/dbt/include/starter_project
[0m15:23:56.630731 [info ] [MainThread]: 
Your new dbt project "apple_sales_analytics" was created!

For more information on how to configure the profiles.yml file,
please consult the dbt documentation here:

  https://docs.getdbt.com/docs/configure-your-profile

One more thing:

Need help? Don't hesitate to reach out to us via GitHub issues or on Slack:

  https://community.getdbt.com/

Happy modeling!

[0m15:23:56.631383 [info ] [MainThread]: Setting up your profile.
[0m15:24:02.025792 [debug] [MainThread]: Spark adapter: Setting pyhive.hive logging to ERROR
[0m15:24:02.026233 [debug] [MainThread]: Spark adapter: Setting thrift.transport logging to ERROR
[0m15:24:02.026487 [debug] [MainThread]: Spark adapter: Setting thrift.protocol logging to ERROR
[0m15:29:12.430140 [info ] [MainThread]: Profile apple_sales_analytics written to /Users/vasav/.dbt/profiles.yml using target's profile_template.yml and your supplied values. Run 'dbt debug' to validate the connection.
[0m15:29:12.454226 [debug] [MainThread]: Resource report: {"command_name": "init", "command_success": true, "command_wall_clock_time": 353.34656, "process_in_blocks": "0", "process_kernel_time": 0.965102, "process_mem_max_rss": "320634880", "process_out_blocks": "0", "process_user_time": 4.787261}
[0m15:29:12.455459 [debug] [MainThread]: Command `dbt init` succeeded at 15:29:12.455326 after 353.35 seconds
[0m15:29:12.455991 [debug] [MainThread]: Sending event: {'category': 'dbt', 'action': 'invocation', 'label': 'end', 'context': [<snowplow_tracker.self_describing_json.SelfDescribingJson object at 0x108e107a0>, <snowplow_tracker.self_describing_json.SelfDescribingJson object at 0x10cfaae70>, <snowplow_tracker.self_describing_json.SelfDescribingJson object at 0x10f494e30>]}
[0m15:29:12.456527 [debug] [MainThread]: Flushing usage events
[0m15:29:14.289274 [debug] [MainThread]: An error was encountered while trying to flush usage events
